
==== [ 2026-04-17 14:13:58 ] RUN_FULL START ====
System: FCIDUMP_17e_15o | electrons: 17 | orbitals: 15 | num_runs: 1 | max_final_dets: auto
==== [ 2026-04-17 14:14:04 ] RUN_FULL END ====
Summary: single | energy: -44.67341861 | kept_dir: trimci_single_run_results/FCIDUMP_17e_15o_20260417_141358471407_614099


==== [ 2026-04-17 14:14:04 ] RUN_FULL START ====
System: FCIDUMP_22e_15o | electrons: 22 | orbitals: 15 | num_runs: 1 | max_final_dets: auto
==== [ 2026-04-17 14:14:11 ] RUN_FULL END ====
Summary: single | energy: -59.37626029 | kept_dir: trimci_single_run_results/FCIDUMP_22e_15o_20260417_141404525586_614099


==== [ 2026-04-17 14:14:11 ] RUN_FULL START ====
System: FCIDUMP_31e_16o | electrons: 31 | orbitals: 16 | num_runs: 1 | max_final_dets: auto
==== [ 2026-04-17 14:14:12 ] RUN_FULL END ====
Summary: single | energy: -94.49892323 | kept_dir: trimci_single_run_results/FCIDUMP_31e_16o_20260417_141411657146_614099


==== [ 2026-04-17 14:14:13 ] RUN_FULL START ====
System: FCIDUMP_12e_12o | electrons: 12 | orbitals: 12 | num_runs: 1 | max_final_dets: auto
==== [ 2026-04-17 14:14:15 ] RUN_FULL END ====
Summary: single | energy: -27.92876053 | kept_dir: trimci_single_run_results/FCIDUMP_12e_12o_20260417_141413155976_614099


==== [ 2026-04-17 14:14:15 ] RUN_FULL START ====
System: FCIDUMP_18e_12o | electrons: 18 | orbitals: 12 | num_runs: 1 | max_final_dets: auto
==== [ 2026-04-17 14:14:17 ] RUN_FULL END ====
Summary: single | energy: -39.16778720 | kept_dir: trimci_single_run_results/FCIDUMP_18e_12o_20260417_141415235506_614099


==== [ 2026-04-17 14:14:17 ] RUN_FULL START ====
System: FCIDUMP_24e_12o | electrons: 24 | orbitals: 12 | num_runs: 1 | max_final_dets: auto
==== [ 2026-04-17 14:14:17 ] RUN_FULL END ====
Summary: single | energy: -54.96858632 | kept_dir: trimci_single_run_results/FCIDUMP_24e_12o_20260417_141417758792_614099


==== [ 2026-04-17 14:14:18 ] RUN_FULL START ====
System: FCIDUMP_12e_12o | electrons: 12 | orbitals: 12 | num_runs: 1 | max_final_dets: 1000
==== [ 2026-04-17 14:14:50 ] RUN_FULL END ====
Summary: single | energy: -28.00356847 | kept_dir: trimci_single_run_results/FCIDUMP_12e_12o_20260417_141418555156_614099


==== [ 2026-04-17 14:14:50 ] RUN_FULL START ====
System: FCIDUMP_18e_12o | electrons: 18 | orbitals: 12 | num_runs: 1 | max_final_dets: 1000
==== [ 2026-04-17 14:15:20 ] RUN_FULL END ====
Summary: single | energy: -39.21107746 | kept_dir: trimci_single_run_results/FCIDUMP_18e_12o_20260417_141450679314_614099


==== [ 2026-04-17 14:15:20 ] RUN_FULL START ====
System: FCIDUMP_24e_12o | electrons: 24 | orbitals: 12 | num_runs: 1 | max_final_dets: 1000
==== [ 2026-04-17 14:15:20 ] RUN_FULL END ====
Summary: single | energy: -54.96858632 | kept_dir: trimci_single_run_results/FCIDUMP_24e_12o_20260417_141520179494_614099


==== [ 2026-04-17 14:15:21 ] RUN_FULL START ====
System: FCIDUMP_19e_12o | electrons: 19 | orbitals: 12 | num_runs: 1 | max_final_dets: auto
==== [ 2026-04-17 14:15:23 ] RUN_FULL END ====
Summary: single | energy: -41.81295341 | kept_dir: trimci_single_run_results/FCIDUMP_19e_12o_20260417_141521012370_614099


==== [ 2026-04-17 14:15:23 ] RUN_FULL START ====
System: FCIDUMP_18e_12o | electrons: 18 | orbitals: 12 | num_runs: 1 | max_final_dets: auto
==== [ 2026-04-17 14:15:26 ] RUN_FULL END ====
Summary: single | energy: -37.63151880 | kept_dir: trimci_single_run_results/FCIDUMP_18e_12o_20260417_141523472048_614099


==== [ 2026-04-17 14:15:26 ] RUN_FULL START ====
System: FCIDUMP_17e_12o | electrons: 17 | orbitals: 12 | num_runs: 1 | max_final_dets: auto
==== [ 2026-04-17 14:15:28 ] RUN_FULL END ====
Summary: single | energy: -38.00197993 | kept_dir: trimci_single_run_results/FCIDUMP_17e_12o_20260417_141526214939_614099

