
==== [ 2026-04-14 16:07:17 ] RUN_FULL START ====
System: FCIDUMP_17e_15o | electrons: 17 | orbitals: 15 | num_runs: 1 | max_final_dets: 200
==== [ 2026-04-14 16:07:20 ] RUN_FULL END ====
Summary: single | energy: -187.81874184 | kept_dir: trimci_single_run_results/FCIDUMP_17e_15o_20260414_160717141240_8


==== [ 2026-04-14 16:07:20 ] RUN_FULL START ====
System: FCIDUMP_22e_15o | electrons: 22 | orbitals: 15 | num_runs: 1 | max_final_dets: 200
==== [ 2026-04-14 16:07:22 ] RUN_FULL END ====
Summary: single | energy: -220.18426025 | kept_dir: trimci_single_run_results/FCIDUMP_22e_15o_20260414_160720473125_8


==== [ 2026-04-14 16:07:22 ] RUN_FULL START ====
System: FCIDUMP_31e_16o | electrons: 31 | orbitals: 16 | num_runs: 1 | max_final_dets: 200
==== [ 2026-04-14 16:07:22 ] RUN_FULL END ====
Summary: single | energy: -247.65898415 | kept_dir: trimci_single_run_results/FCIDUMP_31e_16o_20260414_160722443995_8


==== [ 2026-04-14 16:07:22 ] RUN_FULL START ====
System: FCIDUMP_17e_15o | electrons: 17 | orbitals: 15 | num_runs: 1 | max_final_dets: 200
==== [ 2026-04-14 16:07:24 ] RUN_FULL END ====
Summary: single | energy: -47.25611452 | kept_dir: trimci_single_run_results/FCIDUMP_17e_15o_20260414_160722506344_8


==== [ 2026-04-14 16:07:24 ] RUN_FULL START ====
System: FCIDUMP_22e_15o | electrons: 22 | orbitals: 15 | num_runs: 1 | max_final_dets: 200
==== [ 2026-04-14 16:07:26 ] RUN_FULL END ====
Summary: single | energy: -62.99658824 | kept_dir: trimci_single_run_results/FCIDUMP_22e_15o_20260414_160724305584_8


==== [ 2026-04-14 16:07:26 ] RUN_FULL START ====
System: FCIDUMP_31e_16o | electrons: 31 | orbitals: 16 | num_runs: 1 | max_final_dets: 200
==== [ 2026-04-14 16:07:26 ] RUN_FULL END ====
Summary: single | energy: -96.48585805 | kept_dir: trimci_single_run_results/FCIDUMP_31e_16o_20260414_160726259621_8


==== [ 2026-04-14 16:07:26 ] RUN_FULL START ====
System: FCIDUMP_17e_15o | electrons: 17 | orbitals: 15 | num_runs: 1 | max_final_dets: 200
==== [ 2026-04-14 16:07:27 ] RUN_FULL END ====
Summary: single | energy: -46.80440264 | kept_dir: trimci_single_run_results/FCIDUMP_17e_15o_20260414_160726323960_8


==== [ 2026-04-14 16:07:27 ] RUN_FULL START ====
System: FCIDUMP_22e_15o | electrons: 22 | orbitals: 15 | num_runs: 1 | max_final_dets: 200
==== [ 2026-04-14 16:07:29 ] RUN_FULL END ====
Summary: single | energy: -62.80361751 | kept_dir: trimci_single_run_results/FCIDUMP_22e_15o_20260414_160727854631_8


==== [ 2026-04-14 16:07:29 ] RUN_FULL START ====
System: FCIDUMP_31e_16o | electrons: 31 | orbitals: 16 | num_runs: 1 | max_final_dets: 200
==== [ 2026-04-14 16:07:29 ] RUN_FULL END ====
Summary: single | energy: -96.13200019 | kept_dir: trimci_single_run_results/FCIDUMP_31e_16o_20260414_160729614420_8


==== [ 2026-04-14 16:07:29 ] RUN_FULL START ====
System: FCIDUMP_17e_15o | electrons: 17 | orbitals: 15 | num_runs: 1 | max_final_dets: 200
==== [ 2026-04-14 16:07:31 ] RUN_FULL END ====
Summary: single | energy: -46.21559564 | kept_dir: trimci_single_run_results/FCIDUMP_17e_15o_20260414_160729664743_8


==== [ 2026-04-14 16:07:31 ] RUN_FULL START ====
System: FCIDUMP_22e_15o | electrons: 22 | orbitals: 15 | num_runs: 1 | max_final_dets: 200
==== [ 2026-04-14 16:07:32 ] RUN_FULL END ====
Summary: single | energy: -62.99452072 | kept_dir: trimci_single_run_results/FCIDUMP_22e_15o_20260414_160731310224_8


==== [ 2026-04-14 16:07:32 ] RUN_FULL START ====
System: FCIDUMP_31e_16o | electrons: 31 | orbitals: 16 | num_runs: 1 | max_final_dets: 200
==== [ 2026-04-14 16:07:32 ] RUN_FULL END ====
Summary: single | energy: -95.95361656 | kept_dir: trimci_single_run_results/FCIDUMP_31e_16o_20260414_160732960373_8


==== [ 2026-04-14 16:07:33 ] RUN_FULL START ====
System: FCIDUMP_17e_15o | electrons: 17 | orbitals: 15 | num_runs: 1 | max_final_dets: 200
==== [ 2026-04-14 16:07:34 ] RUN_FULL END ====
Summary: single | energy: -45.84001560 | kept_dir: trimci_single_run_results/FCIDUMP_17e_15o_20260414_160733019061_8


==== [ 2026-04-14 16:07:34 ] RUN_FULL START ====
System: FCIDUMP_22e_15o | electrons: 22 | orbitals: 15 | num_runs: 1 | max_final_dets: 200
==== [ 2026-04-14 16:07:36 ] RUN_FULL END ====
Summary: single | energy: -62.82121771 | kept_dir: trimci_single_run_results/FCIDUMP_22e_15o_20260414_160734851527_8


==== [ 2026-04-14 16:07:36 ] RUN_FULL START ====
System: FCIDUMP_31e_16o | electrons: 31 | orbitals: 16 | num_runs: 1 | max_final_dets: 200
==== [ 2026-04-14 16:07:36 ] RUN_FULL END ====
Summary: single | energy: -95.49855651 | kept_dir: trimci_single_run_results/FCIDUMP_31e_16o_20260414_160736762595_8


==== [ 2026-04-14 16:07:36 ] RUN_FULL START ====
System: FCIDUMP_17e_15o | electrons: 17 | orbitals: 15 | num_runs: 1 | max_final_dets: 200
==== [ 2026-04-14 16:07:38 ] RUN_FULL END ====
Summary: single | energy: -45.52562988 | kept_dir: trimci_single_run_results/FCIDUMP_17e_15o_20260414_160736826421_8


==== [ 2026-04-14 16:07:38 ] RUN_FULL START ====
System: FCIDUMP_22e_15o | electrons: 22 | orbitals: 15 | num_runs: 1 | max_final_dets: 200
==== [ 2026-04-14 16:07:39 ] RUN_FULL END ====
Summary: single | energy: -62.61002131 | kept_dir: trimci_single_run_results/FCIDUMP_22e_15o_20260414_160738301654_8


==== [ 2026-04-14 16:07:39 ] RUN_FULL START ====
System: FCIDUMP_31e_16o | electrons: 31 | orbitals: 16 | num_runs: 1 | max_final_dets: 200
==== [ 2026-04-14 16:07:39 ] RUN_FULL END ====
Summary: single | energy: -95.31738029 | kept_dir: trimci_single_run_results/FCIDUMP_31e_16o_20260414_160739938243_8


==== [ 2026-04-14 16:07:40 ] RUN_FULL START ====
System: FCIDUMP_17e_15o | electrons: 17 | orbitals: 15 | num_runs: 1 | max_final_dets: 200
==== [ 2026-04-14 16:07:41 ] RUN_FULL END ====
Summary: single | energy: -45.35698321 | kept_dir: trimci_single_run_results/FCIDUMP_17e_15o_20260414_160740011548_8


==== [ 2026-04-14 16:07:41 ] RUN_FULL START ====
System: FCIDUMP_22e_15o | electrons: 22 | orbitals: 15 | num_runs: 1 | max_final_dets: 200
==== [ 2026-04-14 16:07:43 ] RUN_FULL END ====
Summary: single | energy: -62.11615886 | kept_dir: trimci_single_run_results/FCIDUMP_22e_15o_20260414_160741784414_8


==== [ 2026-04-14 16:07:43 ] RUN_FULL START ====
System: FCIDUMP_31e_16o | electrons: 31 | orbitals: 16 | num_runs: 1 | max_final_dets: 200
==== [ 2026-04-14 16:07:43 ] RUN_FULL END ====
Summary: single | energy: -94.91593734 | kept_dir: trimci_single_run_results/FCIDUMP_31e_16o_20260414_160743470796_8


==== [ 2026-04-14 16:07:43 ] RUN_FULL START ====
System: FCIDUMP_17e_15o | electrons: 17 | orbitals: 15 | num_runs: 1 | max_final_dets: 200
==== [ 2026-04-14 16:07:45 ] RUN_FULL END ====
Summary: single | energy: -45.01603702 | kept_dir: trimci_single_run_results/FCIDUMP_17e_15o_20260414_160743533251_8


==== [ 2026-04-14 16:07:45 ] RUN_FULL START ====
System: FCIDUMP_22e_15o | electrons: 22 | orbitals: 15 | num_runs: 1 | max_final_dets: 200
==== [ 2026-04-14 16:07:47 ] RUN_FULL END ====
Summary: single | energy: -62.10130609 | kept_dir: trimci_single_run_results/FCIDUMP_22e_15o_20260414_160745397584_8


==== [ 2026-04-14 16:07:47 ] RUN_FULL START ====
System: FCIDUMP_31e_16o | electrons: 31 | orbitals: 16 | num_runs: 1 | max_final_dets: 200
==== [ 2026-04-14 16:07:47 ] RUN_FULL END ====
Summary: single | energy: -94.63495285 | kept_dir: trimci_single_run_results/FCIDUMP_31e_16o_20260414_160747295075_8


==== [ 2026-04-14 16:07:47 ] RUN_FULL START ====
System: FCIDUMP_17e_15o | electrons: 17 | orbitals: 15 | num_runs: 1 | max_final_dets: 200
==== [ 2026-04-14 16:07:48 ] RUN_FULL END ====
Summary: single | energy: -45.08072899 | kept_dir: trimci_single_run_results/FCIDUMP_17e_15o_20260414_160747349946_8


==== [ 2026-04-14 16:07:49 ] RUN_FULL START ====
System: FCIDUMP_22e_15o | electrons: 22 | orbitals: 15 | num_runs: 1 | max_final_dets: 200
==== [ 2026-04-14 16:07:54 ] RUN_FULL END ====
Summary: single | energy: -61.43857138 | kept_dir: trimci_single_run_results/FCIDUMP_22e_15o_20260414_160749008620_8


==== [ 2026-04-14 16:07:54 ] RUN_FULL START ====
System: FCIDUMP_31e_16o | electrons: 31 | orbitals: 16 | num_runs: 1 | max_final_dets: 200
==== [ 2026-04-14 16:07:54 ] RUN_FULL END ====
Summary: single | energy: -94.49497936 | kept_dir: trimci_single_run_results/FCIDUMP_31e_16o_20260414_160754617687_8


==== [ 2026-04-14 16:07:54 ] RUN_FULL START ====
System: FCIDUMP_17e_15o | electrons: 17 | orbitals: 15 | num_runs: 1 | max_final_dets: 200
==== [ 2026-04-14 16:07:58 ] RUN_FULL END ====
Summary: single | energy: -44.93509988 | kept_dir: trimci_single_run_results/FCIDUMP_17e_15o_20260414_160754671061_8


==== [ 2026-04-14 16:07:58 ] RUN_FULL START ====
System: FCIDUMP_22e_15o | electrons: 22 | orbitals: 15 | num_runs: 1 | max_final_dets: 200
==== [ 2026-04-14 16:08:02 ] RUN_FULL END ====
Summary: single | energy: -61.35614539 | kept_dir: trimci_single_run_results/FCIDUMP_22e_15o_20260414_160758274968_8


==== [ 2026-04-14 16:08:02 ] RUN_FULL START ====
System: FCIDUMP_31e_16o | electrons: 31 | orbitals: 16 | num_runs: 1 | max_final_dets: 200
==== [ 2026-04-14 16:08:02 ] RUN_FULL END ====
Summary: single | energy: -94.48921063 | kept_dir: trimci_single_run_results/FCIDUMP_31e_16o_20260414_160802494478_8


==== [ 2026-04-14 16:08:02 ] RUN_FULL START ====
System: FCIDUMP_17e_15o | electrons: 17 | orbitals: 15 | num_runs: 1 | max_final_dets: 200
==== [ 2026-04-14 16:08:04 ] RUN_FULL END ====
Summary: single | energy: -44.71426038 | kept_dir: trimci_single_run_results/FCIDUMP_17e_15o_20260414_160802542871_8


==== [ 2026-04-14 16:08:04 ] RUN_FULL START ====
System: FCIDUMP_22e_15o | electrons: 22 | orbitals: 15 | num_runs: 1 | max_final_dets: 200
==== [ 2026-04-14 16:08:06 ] RUN_FULL END ====
Summary: single | energy: -61.27733345 | kept_dir: trimci_single_run_results/FCIDUMP_22e_15o_20260414_160804313504_8


==== [ 2026-04-14 16:08:06 ] RUN_FULL START ====
System: FCIDUMP_31e_16o | electrons: 31 | orbitals: 16 | num_runs: 1 | max_final_dets: 200
==== [ 2026-04-14 16:08:07 ] RUN_FULL END ====
Summary: single | energy: -94.50588237 | kept_dir: trimci_single_run_results/FCIDUMP_31e_16o_20260414_160806989792_8


==== [ 2026-04-14 16:08:07 ] RUN_FULL START ====
System: FCIDUMP_17e_15o | electrons: 17 | orbitals: 15 | num_runs: 1 | max_final_dets: 200
==== [ 2026-04-14 16:08:08 ] RUN_FULL END ====
Summary: single | energy: -44.93673267 | kept_dir: trimci_single_run_results/FCIDUMP_17e_15o_20260414_160807042350_8


==== [ 2026-04-14 16:08:08 ] RUN_FULL START ====
System: FCIDUMP_22e_15o | electrons: 22 | orbitals: 15 | num_runs: 1 | max_final_dets: 200
==== [ 2026-04-14 16:08:10 ] RUN_FULL END ====
Summary: single | energy: -60.53770611 | kept_dir: trimci_single_run_results/FCIDUMP_22e_15o_20260414_160808914349_8


==== [ 2026-04-14 16:08:10 ] RUN_FULL START ====
System: FCIDUMP_31e_16o | electrons: 31 | orbitals: 16 | num_runs: 1 | max_final_dets: 200
==== [ 2026-04-14 16:08:10 ] RUN_FULL END ====
Summary: single | energy: -94.58933726 | kept_dir: trimci_single_run_results/FCIDUMP_31e_16o_20260414_160810763835_8


==== [ 2026-04-14 16:08:10 ] RUN_FULL START ====
System: FCIDUMP_17e_15o | electrons: 17 | orbitals: 15 | num_runs: 1 | max_final_dets: 200
==== [ 2026-04-14 16:08:12 ] RUN_FULL END ====
Summary: single | energy: -44.57256257 | kept_dir: trimci_single_run_results/FCIDUMP_17e_15o_20260414_160810821379_8


==== [ 2026-04-14 16:08:12 ] RUN_FULL START ====
System: FCIDUMP_22e_15o | electrons: 22 | orbitals: 15 | num_runs: 1 | max_final_dets: 200
==== [ 2026-04-14 16:08:14 ] RUN_FULL END ====
Summary: single | energy: -60.73961157 | kept_dir: trimci_single_run_results/FCIDUMP_22e_15o_20260414_160812401364_8


==== [ 2026-04-14 16:08:14 ] RUN_FULL START ====
System: FCIDUMP_31e_16o | electrons: 31 | orbitals: 16 | num_runs: 1 | max_final_dets: 200
==== [ 2026-04-14 16:08:14 ] RUN_FULL END ====
Summary: single | energy: -94.23452205 | kept_dir: trimci_single_run_results/FCIDUMP_31e_16o_20260414_160814129752_8


==== [ 2026-04-14 16:08:14 ] RUN_FULL START ====
System: FCIDUMP_17e_15o | electrons: 17 | orbitals: 15 | num_runs: 1 | max_final_dets: 200
==== [ 2026-04-14 16:08:15 ] RUN_FULL END ====
Summary: single | energy: -44.74491391 | kept_dir: trimci_single_run_results/FCIDUMP_17e_15o_20260414_160814188053_8


==== [ 2026-04-14 16:08:15 ] RUN_FULL START ====
System: FCIDUMP_22e_15o | electrons: 22 | orbitals: 15 | num_runs: 1 | max_final_dets: 200
==== [ 2026-04-14 16:08:18 ] RUN_FULL END ====
Summary: single | energy: -60.14497131 | kept_dir: trimci_single_run_results/FCIDUMP_22e_15o_20260414_160815980779_8


==== [ 2026-04-14 16:08:18 ] RUN_FULL START ====
System: FCIDUMP_31e_16o | electrons: 31 | orbitals: 16 | num_runs: 1 | max_final_dets: 200
==== [ 2026-04-14 16:08:18 ] RUN_FULL END ====
Summary: single | energy: -94.34932455 | kept_dir: trimci_single_run_results/FCIDUMP_31e_16o_20260414_160818114754_8


==== [ 2026-04-14 16:08:18 ] RUN_FULL START ====
System: FCIDUMP_17e_15o | electrons: 17 | orbitals: 15 | num_runs: 1 | max_final_dets: 200
==== [ 2026-04-14 16:08:19 ] RUN_FULL END ====
Summary: single | energy: -44.74664936 | kept_dir: trimci_single_run_results/FCIDUMP_17e_15o_20260414_160818177012_8


==== [ 2026-04-14 16:08:19 ] RUN_FULL START ====
System: FCIDUMP_22e_15o | electrons: 22 | orbitals: 15 | num_runs: 1 | max_final_dets: 200
==== [ 2026-04-14 16:08:21 ] RUN_FULL END ====
Summary: single | energy: -59.78188860 | kept_dir: trimci_single_run_results/FCIDUMP_22e_15o_20260414_160819891252_8


==== [ 2026-04-14 16:08:21 ] RUN_FULL START ====
System: FCIDUMP_31e_16o | electrons: 31 | orbitals: 16 | num_runs: 1 | max_final_dets: 200
==== [ 2026-04-14 16:08:21 ] RUN_FULL END ====
Summary: single | energy: -94.16411105 | kept_dir: trimci_single_run_results/FCIDUMP_31e_16o_20260414_160821617932_8


==== [ 2026-04-14 16:08:21 ] RUN_FULL START ====
System: FCIDUMP_17e_15o | electrons: 17 | orbitals: 15 | num_runs: 1 | max_final_dets: 200
==== [ 2026-04-14 16:08:23 ] RUN_FULL END ====
Summary: single | energy: -44.40504030 | kept_dir: trimci_single_run_results/FCIDUMP_17e_15o_20260414_160821676334_8


==== [ 2026-04-14 16:08:23 ] RUN_FULL START ====
System: FCIDUMP_22e_15o | electrons: 22 | orbitals: 15 | num_runs: 1 | max_final_dets: 200
==== [ 2026-04-14 16:08:28 ] RUN_FULL END ====
Summary: single | energy: -59.83071024 | kept_dir: trimci_single_run_results/FCIDUMP_22e_15o_20260414_160823418224_8


==== [ 2026-04-14 16:08:28 ] RUN_FULL START ====
System: FCIDUMP_31e_16o | electrons: 31 | orbitals: 16 | num_runs: 1 | max_final_dets: 200
==== [ 2026-04-14 16:08:28 ] RUN_FULL END ====
Summary: single | energy: -94.22163130 | kept_dir: trimci_single_run_results/FCIDUMP_31e_16o_20260414_160828831746_8


==== [ 2026-04-14 16:08:28 ] RUN_FULL START ====
System: FCIDUMP_17e_15o | electrons: 17 | orbitals: 15 | num_runs: 1 | max_final_dets: 200
==== [ 2026-04-14 16:08:30 ] RUN_FULL END ====
Summary: single | energy: -44.65793086 | kept_dir: trimci_single_run_results/FCIDUMP_17e_15o_20260414_160828939992_8


==== [ 2026-04-14 16:08:30 ] RUN_FULL START ====
System: FCIDUMP_22e_15o | electrons: 22 | orbitals: 15 | num_runs: 1 | max_final_dets: 200
==== [ 2026-04-14 16:08:32 ] RUN_FULL END ====
Summary: single | energy: -59.79172150 | kept_dir: trimci_single_run_results/FCIDUMP_22e_15o_20260414_160830817732_8


==== [ 2026-04-14 16:08:32 ] RUN_FULL START ====
System: FCIDUMP_31e_16o | electrons: 31 | orbitals: 16 | num_runs: 1 | max_final_dets: 200
==== [ 2026-04-14 16:08:32 ] RUN_FULL END ====
Summary: single | energy: -94.53039412 | kept_dir: trimci_single_run_results/FCIDUMP_31e_16o_20260414_160832543601_8


==== [ 2026-04-14 16:08:32 ] RUN_FULL START ====
System: FCIDUMP_17e_15o | electrons: 17 | orbitals: 15 | num_runs: 1 | max_final_dets: 200
==== [ 2026-04-14 16:08:34 ] RUN_FULL END ====
Summary: single | energy: -44.15927309 | kept_dir: trimci_single_run_results/FCIDUMP_17e_15o_20260414_160832619542_8


==== [ 2026-04-14 16:08:35 ] RUN_FULL START ====
System: FCIDUMP_22e_15o | electrons: 22 | orbitals: 15 | num_runs: 1 | max_final_dets: 200
==== [ 2026-04-14 16:08:37 ] RUN_FULL END ====
Summary: single | energy: -60.03301495 | kept_dir: trimci_single_run_results/FCIDUMP_22e_15o_20260414_160835012354_8


==== [ 2026-04-14 16:08:37 ] RUN_FULL START ====
System: FCIDUMP_31e_16o | electrons: 31 | orbitals: 16 | num_runs: 1 | max_final_dets: 200
==== [ 2026-04-14 16:08:37 ] RUN_FULL END ====
Summary: single | energy: -94.44285565 | kept_dir: trimci_single_run_results/FCIDUMP_31e_16o_20260414_160837905531_8


==== [ 2026-04-14 16:08:38 ] RUN_FULL START ====
System: FCIDUMP_17e_15o | electrons: 17 | orbitals: 15 | num_runs: 1 | max_final_dets: 200
==== [ 2026-04-14 16:08:40 ] RUN_FULL END ====
Summary: single | energy: -44.35587207 | kept_dir: trimci_single_run_results/FCIDUMP_17e_15o_20260414_160838015590_8


==== [ 2026-04-14 16:08:40 ] RUN_FULL START ====
System: FCIDUMP_22e_15o | electrons: 22 | orbitals: 15 | num_runs: 1 | max_final_dets: 200
==== [ 2026-04-14 16:08:41 ] RUN_FULL END ====
Summary: single | energy: -59.89191996 | kept_dir: trimci_single_run_results/FCIDUMP_22e_15o_20260414_160840047449_8


==== [ 2026-04-14 16:08:41 ] RUN_FULL START ====
System: FCIDUMP_31e_16o | electrons: 31 | orbitals: 16 | num_runs: 1 | max_final_dets: 200
==== [ 2026-04-14 16:08:41 ] RUN_FULL END ====
Summary: single | energy: -94.68717332 | kept_dir: trimci_single_run_results/FCIDUMP_31e_16o_20260414_160841839286_8


==== [ 2026-04-14 16:08:42 ] RUN_FULL START ====
System: FCIDUMP_17e_15o | electrons: 17 | orbitals: 15 | num_runs: 1 | max_final_dets: 200
==== [ 2026-04-14 16:08:43 ] RUN_FULL END ====
Summary: single | energy: -44.36654556 | kept_dir: trimci_single_run_results/FCIDUMP_17e_15o_20260414_160842009788_8


==== [ 2026-04-14 16:08:43 ] RUN_FULL START ====
System: FCIDUMP_22e_15o | electrons: 22 | orbitals: 15 | num_runs: 1 | max_final_dets: 200
==== [ 2026-04-14 16:08:45 ] RUN_FULL END ====
Summary: single | energy: -59.88188774 | kept_dir: trimci_single_run_results/FCIDUMP_22e_15o_20260414_160843664552_8


==== [ 2026-04-14 16:08:45 ] RUN_FULL START ====
System: FCIDUMP_31e_16o | electrons: 31 | orbitals: 16 | num_runs: 1 | max_final_dets: 200
==== [ 2026-04-14 16:08:45 ] RUN_FULL END ====
Summary: single | energy: -94.93763098 | kept_dir: trimci_single_run_results/FCIDUMP_31e_16o_20260414_160845435246_8


==== [ 2026-04-14 16:08:45 ] RUN_FULL START ====
System: FCIDUMP_17e_15o | electrons: 17 | orbitals: 15 | num_runs: 1 | max_final_dets: 200
==== [ 2026-04-14 16:08:47 ] RUN_FULL END ====
Summary: single | energy: -44.28961409 | kept_dir: trimci_single_run_results/FCIDUMP_17e_15o_20260414_160845504065_8


==== [ 2026-04-14 16:08:47 ] RUN_FULL START ====
System: FCIDUMP_22e_15o | electrons: 22 | orbitals: 15 | num_runs: 1 | max_final_dets: 200
==== [ 2026-04-14 16:08:48 ] RUN_FULL END ====
Summary: single | energy: -59.83229799 | kept_dir: trimci_single_run_results/FCIDUMP_22e_15o_20260414_160847255251_8


==== [ 2026-04-14 16:08:48 ] RUN_FULL START ====
System: FCIDUMP_31e_16o | electrons: 31 | orbitals: 16 | num_runs: 1 | max_final_dets: 200
==== [ 2026-04-14 16:08:49 ] RUN_FULL END ====
Summary: single | energy: -95.09897489 | kept_dir: trimci_single_run_results/FCIDUMP_31e_16o_20260414_160848989936_8


==== [ 2026-04-14 16:08:49 ] RUN_FULL START ====
System: FCIDUMP_17e_15o | electrons: 17 | orbitals: 15 | num_runs: 1 | max_final_dets: 200
==== [ 2026-04-14 16:08:50 ] RUN_FULL END ====
Summary: single | energy: -44.36646922 | kept_dir: trimci_single_run_results/FCIDUMP_17e_15o_20260414_160849054530_8


==== [ 2026-04-14 16:08:50 ] RUN_FULL START ====
System: FCIDUMP_22e_15o | electrons: 22 | orbitals: 15 | num_runs: 1 | max_final_dets: 200
==== [ 2026-04-14 16:08:52 ] RUN_FULL END ====
Summary: single | energy: -59.86873394 | kept_dir: trimci_single_run_results/FCIDUMP_22e_15o_20260414_160850922332_8


==== [ 2026-04-14 16:08:52 ] RUN_FULL START ====
System: FCIDUMP_31e_16o | electrons: 31 | orbitals: 16 | num_runs: 1 | max_final_dets: 200
==== [ 2026-04-14 16:08:52 ] RUN_FULL END ====
Summary: single | energy: -94.94644788 | kept_dir: trimci_single_run_results/FCIDUMP_31e_16o_20260414_160852793239_8


==== [ 2026-04-14 16:08:52 ] RUN_FULL START ====
System: FCIDUMP_17e_15o | electrons: 17 | orbitals: 15 | num_runs: 1 | max_final_dets: 200
==== [ 2026-04-14 16:08:54 ] RUN_FULL END ====
Summary: single | energy: -44.35983600 | kept_dir: trimci_single_run_results/FCIDUMP_17e_15o_20260414_160852847622_8


==== [ 2026-04-14 16:08:54 ] RUN_FULL START ====
System: FCIDUMP_22e_15o | electrons: 22 | orbitals: 15 | num_runs: 1 | max_final_dets: 200
==== [ 2026-04-14 16:08:56 ] RUN_FULL END ====
Summary: single | energy: -59.86408564 | kept_dir: trimci_single_run_results/FCIDUMP_22e_15o_20260414_160854426137_8


==== [ 2026-04-14 16:08:56 ] RUN_FULL START ====
System: FCIDUMP_31e_16o | electrons: 31 | orbitals: 16 | num_runs: 1 | max_final_dets: 200
==== [ 2026-04-14 16:08:56 ] RUN_FULL END ====
Summary: single | energy: -95.23344938 | kept_dir: trimci_single_run_results/FCIDUMP_31e_16o_20260414_160856830500_8


==== [ 2026-04-14 16:08:56 ] RUN_FULL START ====
System: FCIDUMP_17e_15o | electrons: 17 | orbitals: 15 | num_runs: 1 | max_final_dets: 200
==== [ 2026-04-14 16:08:58 ] RUN_FULL END ====
Summary: single | energy: -44.53033850 | kept_dir: trimci_single_run_results/FCIDUMP_17e_15o_20260414_160856886730_8


==== [ 2026-04-14 16:08:58 ] RUN_FULL START ====
System: FCIDUMP_22e_15o | electrons: 22 | orbitals: 15 | num_runs: 1 | max_final_dets: 200
==== [ 2026-04-14 16:09:00 ] RUN_FULL END ====
Summary: single | energy: -59.36334273 | kept_dir: trimci_single_run_results/FCIDUMP_22e_15o_20260414_160858764706_8


==== [ 2026-04-14 16:09:00 ] RUN_FULL START ====
System: FCIDUMP_31e_16o | electrons: 31 | orbitals: 16 | num_runs: 1 | max_final_dets: 200
==== [ 2026-04-14 16:09:00 ] RUN_FULL END ====
Summary: single | energy: -95.22936553 | kept_dir: trimci_single_run_results/FCIDUMP_31e_16o_20260414_160900640994_8


==== [ 2026-04-14 16:09:00 ] RUN_FULL START ====
System: FCIDUMP_17e_15o | electrons: 17 | orbitals: 15 | num_runs: 1 | max_final_dets: 200
==== [ 2026-04-14 16:09:06 ] RUN_FULL END ====
Summary: single | energy: -44.72683321 | kept_dir: trimci_single_run_results/FCIDUMP_17e_15o_20260414_160900690746_8


==== [ 2026-04-14 16:09:06 ] RUN_FULL START ====
System: FCIDUMP_22e_15o | electrons: 22 | orbitals: 15 | num_runs: 1 | max_final_dets: 200
==== [ 2026-04-14 16:09:08 ] RUN_FULL END ====
Summary: single | energy: -59.28806890 | kept_dir: trimci_single_run_results/FCIDUMP_22e_15o_20260414_160906298436_8


==== [ 2026-04-14 16:09:08 ] RUN_FULL START ====
System: FCIDUMP_31e_16o | electrons: 31 | orbitals: 16 | num_runs: 1 | max_final_dets: 200
==== [ 2026-04-14 16:09:08 ] RUN_FULL END ====
Summary: single | energy: -95.44278727 | kept_dir: trimci_single_run_results/FCIDUMP_31e_16o_20260414_160908217059_8


==== [ 2026-04-14 16:09:08 ] RUN_FULL START ====
System: FCIDUMP_17e_15o | electrons: 17 | orbitals: 15 | num_runs: 1 | max_final_dets: 200
==== [ 2026-04-14 16:09:10 ] RUN_FULL END ====
Summary: single | energy: -44.39771416 | kept_dir: trimci_single_run_results/FCIDUMP_17e_15o_20260414_160908263757_8


==== [ 2026-04-14 16:09:10 ] RUN_FULL START ====
System: FCIDUMP_22e_15o | electrons: 22 | orbitals: 15 | num_runs: 1 | max_final_dets: 200
==== [ 2026-04-14 16:09:11 ] RUN_FULL END ====
Summary: single | energy: -59.48733467 | kept_dir: trimci_single_run_results/FCIDUMP_22e_15o_20260414_160910140309_8


==== [ 2026-04-14 16:09:12 ] RUN_FULL START ====
System: FCIDUMP_31e_16o | electrons: 31 | orbitals: 16 | num_runs: 1 | max_final_dets: 200
==== [ 2026-04-14 16:09:12 ] RUN_FULL END ====
Summary: single | energy: -95.29508941 | kept_dir: trimci_single_run_results/FCIDUMP_31e_16o_20260414_160912032345_8


==== [ 2026-04-14 16:09:12 ] RUN_FULL START ====
System: FCIDUMP_17e_15o | electrons: 17 | orbitals: 15 | num_runs: 1 | max_final_dets: 200
==== [ 2026-04-14 16:09:14 ] RUN_FULL END ====
Summary: single | energy: -44.03395479 | kept_dir: trimci_single_run_results/FCIDUMP_17e_15o_20260414_160912090102_8


==== [ 2026-04-14 16:09:14 ] RUN_FULL START ====
System: FCIDUMP_22e_15o | electrons: 22 | orbitals: 15 | num_runs: 1 | max_final_dets: 200
==== [ 2026-04-14 16:09:16 ] RUN_FULL END ====
Summary: single | energy: -59.76475115 | kept_dir: trimci_single_run_results/FCIDUMP_22e_15o_20260414_160914058803_8


==== [ 2026-04-14 16:09:16 ] RUN_FULL START ====
System: FCIDUMP_31e_16o | electrons: 31 | orbitals: 16 | num_runs: 1 | max_final_dets: 200
==== [ 2026-04-14 16:09:16 ] RUN_FULL END ====
Summary: single | energy: -95.00725610 | kept_dir: trimci_single_run_results/FCIDUMP_31e_16o_20260414_160916269150_8


==== [ 2026-04-14 16:09:16 ] RUN_FULL START ====
System: FCIDUMP_17e_15o | electrons: 17 | orbitals: 15 | num_runs: 1 | max_final_dets: 200
==== [ 2026-04-14 16:09:19 ] RUN_FULL END ====
Summary: single | energy: -43.92481619 | kept_dir: trimci_single_run_results/FCIDUMP_17e_15o_20260414_160916338967_8


==== [ 2026-04-14 16:09:19 ] RUN_FULL START ====
System: FCIDUMP_22e_15o | electrons: 22 | orbitals: 15 | num_runs: 1 | max_final_dets: 200
==== [ 2026-04-14 16:09:21 ] RUN_FULL END ====
Summary: single | energy: -59.84362559 | kept_dir: trimci_single_run_results/FCIDUMP_22e_15o_20260414_160919319760_8


==== [ 2026-04-14 16:09:21 ] RUN_FULL START ====
System: FCIDUMP_31e_16o | electrons: 31 | orbitals: 16 | num_runs: 1 | max_final_dets: 200
==== [ 2026-04-14 16:09:21 ] RUN_FULL END ====
Summary: single | energy: -94.99879517 | kept_dir: trimci_single_run_results/FCIDUMP_31e_16o_20260414_160921355711_8


==== [ 2026-04-14 16:09:21 ] RUN_FULL START ====
System: FCIDUMP_17e_15o | electrons: 17 | orbitals: 15 | num_runs: 1 | max_final_dets: 200
==== [ 2026-04-14 16:09:23 ] RUN_FULL END ====
Summary: single | energy: -43.68764809 | kept_dir: trimci_single_run_results/FCIDUMP_17e_15o_20260414_160921414603_8


==== [ 2026-04-14 16:09:23 ] RUN_FULL START ====
System: FCIDUMP_22e_15o | electrons: 22 | orbitals: 15 | num_runs: 1 | max_final_dets: 200
==== [ 2026-04-14 16:09:25 ] RUN_FULL END ====
Summary: single | energy: -60.04341264 | kept_dir: trimci_single_run_results/FCIDUMP_22e_15o_20260414_160923317399_8


==== [ 2026-04-14 16:09:25 ] RUN_FULL START ====
System: FCIDUMP_31e_16o | electrons: 31 | orbitals: 16 | num_runs: 1 | max_final_dets: 200
==== [ 2026-04-14 16:09:25 ] RUN_FULL END ====
Summary: single | energy: -94.76347314 | kept_dir: trimci_single_run_results/FCIDUMP_31e_16o_20260414_160925197987_8


==== [ 2026-04-14 16:09:25 ] RUN_FULL START ====
System: FCIDUMP_17e_15o | electrons: 17 | orbitals: 15 | num_runs: 1 | max_final_dets: 200
==== [ 2026-04-14 16:09:26 ] RUN_FULL END ====
Summary: single | energy: -43.55902472 | kept_dir: trimci_single_run_results/FCIDUMP_17e_15o_20260414_160925251377_8


==== [ 2026-04-14 16:09:27 ] RUN_FULL START ====
System: FCIDUMP_22e_15o | electrons: 22 | orbitals: 15 | num_runs: 1 | max_final_dets: 200
==== [ 2026-04-14 16:09:28 ] RUN_FULL END ====
Summary: single | energy: -60.09337972 | kept_dir: trimci_single_run_results/FCIDUMP_22e_15o_20260414_160927022644_8


==== [ 2026-04-14 16:09:28 ] RUN_FULL START ====
System: FCIDUMP_31e_16o | electrons: 31 | orbitals: 16 | num_runs: 1 | max_final_dets: 200
==== [ 2026-04-14 16:09:28 ] RUN_FULL END ====
Summary: single | energy: -94.65289646 | kept_dir: trimci_single_run_results/FCIDUMP_31e_16o_20260414_160928898004_8


==== [ 2026-04-14 16:09:28 ] RUN_FULL START ====
System: FCIDUMP_17e_15o | electrons: 17 | orbitals: 15 | num_runs: 1 | max_final_dets: 200
==== [ 2026-04-14 16:09:30 ] RUN_FULL END ====
Summary: single | energy: -43.70854108 | kept_dir: trimci_single_run_results/FCIDUMP_17e_15o_20260414_160928960199_8


==== [ 2026-04-14 16:09:30 ] RUN_FULL START ====
System: FCIDUMP_22e_15o | electrons: 22 | orbitals: 15 | num_runs: 1 | max_final_dets: 200
==== [ 2026-04-14 16:09:32 ] RUN_FULL END ====
Summary: single | energy: -60.06750492 | kept_dir: trimci_single_run_results/FCIDUMP_22e_15o_20260414_160930661347_8


==== [ 2026-04-14 16:09:32 ] RUN_FULL START ====
System: FCIDUMP_31e_16o | electrons: 31 | orbitals: 16 | num_runs: 1 | max_final_dets: 200
==== [ 2026-04-14 16:09:32 ] RUN_FULL END ====
Summary: single | energy: -94.95705281 | kept_dir: trimci_single_run_results/FCIDUMP_31e_16o_20260414_160932519326_8


==== [ 2026-04-14 16:09:32 ] RUN_FULL START ====
System: FCIDUMP_17e_15o | electrons: 17 | orbitals: 15 | num_runs: 1 | max_final_dets: 200
==== [ 2026-04-14 16:09:34 ] RUN_FULL END ====
Summary: single | energy: -43.86722167 | kept_dir: trimci_single_run_results/FCIDUMP_17e_15o_20260414_160932575151_8


==== [ 2026-04-14 16:09:34 ] RUN_FULL START ====
System: FCIDUMP_22e_15o | electrons: 22 | orbitals: 15 | num_runs: 1 | max_final_dets: 200
==== [ 2026-04-14 16:09:36 ] RUN_FULL END ====
Summary: single | energy: -60.01714000 | kept_dir: trimci_single_run_results/FCIDUMP_22e_15o_20260414_160934442479_8


==== [ 2026-04-14 16:09:36 ] RUN_FULL START ====
System: FCIDUMP_31e_16o | electrons: 31 | orbitals: 16 | num_runs: 1 | max_final_dets: 200
==== [ 2026-04-14 16:09:36 ] RUN_FULL END ====
Summary: single | energy: -95.19006924 | kept_dir: trimci_single_run_results/FCIDUMP_31e_16o_20260414_160936252976_8


==== [ 2026-04-14 16:09:36 ] RUN_FULL START ====
System: FCIDUMP_17e_15o | electrons: 17 | orbitals: 15 | num_runs: 1 | max_final_dets: 200
==== [ 2026-04-14 16:09:41 ] RUN_FULL END ====
Summary: single | energy: -43.87840575 | kept_dir: trimci_single_run_results/FCIDUMP_17e_15o_20260414_160936319310_8


==== [ 2026-04-14 16:09:41 ] RUN_FULL START ====
System: FCIDUMP_22e_15o | electrons: 22 | orbitals: 15 | num_runs: 1 | max_final_dets: 200
==== [ 2026-04-14 16:09:43 ] RUN_FULL END ====
Summary: single | energy: -60.02514042 | kept_dir: trimci_single_run_results/FCIDUMP_22e_15o_20260414_160941789126_8


==== [ 2026-04-14 16:09:43 ] RUN_FULL START ====
System: FCIDUMP_31e_16o | electrons: 31 | orbitals: 16 | num_runs: 1 | max_final_dets: 200
==== [ 2026-04-14 16:09:43 ] RUN_FULL END ====
Summary: single | energy: -95.23865390 | kept_dir: trimci_single_run_results/FCIDUMP_31e_16o_20260414_160943703065_8


==== [ 2026-04-14 16:09:43 ] RUN_FULL START ====
System: FCIDUMP_17e_15o | electrons: 17 | orbitals: 15 | num_runs: 1 | max_final_dets: 200
==== [ 2026-04-14 16:09:45 ] RUN_FULL END ====
Summary: single | energy: -44.04510019 | kept_dir: trimci_single_run_results/FCIDUMP_17e_15o_20260414_160943759999_8


==== [ 2026-04-14 16:09:45 ] RUN_FULL START ====
System: FCIDUMP_22e_15o | electrons: 22 | orbitals: 15 | num_runs: 1 | max_final_dets: 200
==== [ 2026-04-14 16:09:47 ] RUN_FULL END ====
Summary: single | energy: -59.53280878 | kept_dir: trimci_single_run_results/FCIDUMP_22e_15o_20260414_160945581947_8


==== [ 2026-04-14 16:09:47 ] RUN_FULL START ====
System: FCIDUMP_31e_16o | electrons: 31 | orbitals: 16 | num_runs: 1 | max_final_dets: 200
==== [ 2026-04-14 16:09:47 ] RUN_FULL END ====
Summary: single | energy: -95.27441462 | kept_dir: trimci_single_run_results/FCIDUMP_31e_16o_20260414_160947537028_8


==== [ 2026-04-14 16:09:47 ] RUN_FULL START ====
System: FCIDUMP_17e_15o | electrons: 17 | orbitals: 15 | num_runs: 1 | max_final_dets: 200
==== [ 2026-04-14 16:09:49 ] RUN_FULL END ====
Summary: single | energy: -44.45691895 | kept_dir: trimci_single_run_results/FCIDUMP_17e_15o_20260414_160947624209_8


==== [ 2026-04-14 16:09:49 ] RUN_FULL START ====
System: FCIDUMP_22e_15o | electrons: 22 | orbitals: 15 | num_runs: 1 | max_final_dets: 200
==== [ 2026-04-14 16:09:51 ] RUN_FULL END ====
Summary: single | energy: -58.64486565 | kept_dir: trimci_single_run_results/FCIDUMP_22e_15o_20260414_160949370850_8


==== [ 2026-04-14 16:09:51 ] RUN_FULL START ====
System: FCIDUMP_31e_16o | electrons: 31 | orbitals: 16 | num_runs: 1 | max_final_dets: 200
==== [ 2026-04-14 16:09:51 ] RUN_FULL END ====
Summary: single | energy: -95.13486862 | kept_dir: trimci_single_run_results/FCIDUMP_31e_16o_20260414_160951395602_8


==== [ 2026-04-14 16:09:51 ] RUN_FULL START ====
System: FCIDUMP_17e_15o | electrons: 17 | orbitals: 15 | num_runs: 1 | max_final_dets: 200
==== [ 2026-04-14 16:09:53 ] RUN_FULL END ====
Summary: single | energy: -43.87098302 | kept_dir: trimci_single_run_results/FCIDUMP_17e_15o_20260414_160951448335_8


==== [ 2026-04-14 16:09:53 ] RUN_FULL START ====
System: FCIDUMP_22e_15o | electrons: 22 | orbitals: 15 | num_runs: 1 | max_final_dets: 200
==== [ 2026-04-14 16:09:55 ] RUN_FULL END ====
Summary: single | energy: -58.87431977 | kept_dir: trimci_single_run_results/FCIDUMP_22e_15o_20260414_160953291677_8


==== [ 2026-04-14 16:09:55 ] RUN_FULL START ====
System: FCIDUMP_31e_16o | electrons: 31 | orbitals: 16 | num_runs: 1 | max_final_dets: 200
==== [ 2026-04-14 16:09:55 ] RUN_FULL END ====
Summary: single | energy: -94.84532665 | kept_dir: trimci_single_run_results/FCIDUMP_31e_16o_20260414_160955123813_8


==== [ 2026-04-14 16:09:55 ] RUN_FULL START ====
System: FCIDUMP_17e_15o | electrons: 17 | orbitals: 15 | num_runs: 1 | max_final_dets: 200
==== [ 2026-04-14 16:09:57 ] RUN_FULL END ====
Summary: single | energy: -43.95742453 | kept_dir: trimci_single_run_results/FCIDUMP_17e_15o_20260414_160955188520_8


==== [ 2026-04-14 16:09:57 ] RUN_FULL START ====
System: FCIDUMP_22e_15o | electrons: 22 | orbitals: 15 | num_runs: 1 | max_final_dets: 200
==== [ 2026-04-14 16:09:59 ] RUN_FULL END ====
Summary: single | energy: -58.64920841 | kept_dir: trimci_single_run_results/FCIDUMP_22e_15o_20260414_160957312758_8


==== [ 2026-04-14 16:09:59 ] RUN_FULL START ====
System: FCIDUMP_31e_16o | electrons: 31 | orbitals: 16 | num_runs: 1 | max_final_dets: 200
==== [ 2026-04-14 16:09:59 ] RUN_FULL END ====
Summary: single | energy: -94.47496602 | kept_dir: trimci_single_run_results/FCIDUMP_31e_16o_20260414_160959055902_8


==== [ 2026-04-14 16:09:59 ] RUN_FULL START ====
System: FCIDUMP_17e_15o | electrons: 17 | orbitals: 15 | num_runs: 1 | max_final_dets: 200
==== [ 2026-04-14 16:10:01 ] RUN_FULL END ====
Summary: single | energy: -44.05647950 | kept_dir: trimci_single_run_results/FCIDUMP_17e_15o_20260414_160959112130_8


==== [ 2026-04-14 16:10:01 ] RUN_FULL START ====
System: FCIDUMP_22e_15o | electrons: 22 | orbitals: 15 | num_runs: 1 | max_final_dets: 200
==== [ 2026-04-14 16:10:03 ] RUN_FULL END ====
Summary: single | energy: -58.72152705 | kept_dir: trimci_single_run_results/FCIDUMP_22e_15o_20260414_161001146898_8


==== [ 2026-04-14 16:10:03 ] RUN_FULL START ====
System: FCIDUMP_31e_16o | electrons: 31 | orbitals: 16 | num_runs: 1 | max_final_dets: 200
==== [ 2026-04-14 16:10:03 ] RUN_FULL END ====
Summary: single | energy: -94.51428259 | kept_dir: trimci_single_run_results/FCIDUMP_31e_16o_20260414_161003098306_8


==== [ 2026-04-14 16:10:03 ] RUN_FULL START ====
System: FCIDUMP_17e_15o | electrons: 17 | orbitals: 15 | num_runs: 1 | max_final_dets: 200
==== [ 2026-04-14 16:10:05 ] RUN_FULL END ====
Summary: single | energy: -44.31148737 | kept_dir: trimci_single_run_results/FCIDUMP_17e_15o_20260414_161003160986_8


==== [ 2026-04-14 16:10:05 ] RUN_FULL START ====
System: FCIDUMP_22e_15o | electrons: 22 | orbitals: 15 | num_runs: 1 | max_final_dets: 200
==== [ 2026-04-14 16:10:06 ] RUN_FULL END ====
Summary: single | energy: -58.37842309 | kept_dir: trimci_single_run_results/FCIDUMP_22e_15o_20260414_161005040560_8


==== [ 2026-04-14 16:10:06 ] RUN_FULL START ====
System: FCIDUMP_31e_16o | electrons: 31 | orbitals: 16 | num_runs: 1 | max_final_dets: 200
==== [ 2026-04-14 16:10:06 ] RUN_FULL END ====
Summary: single | energy: -94.60744852 | kept_dir: trimci_single_run_results/FCIDUMP_31e_16o_20260414_161006844092_8


==== [ 2026-04-14 16:10:06 ] RUN_FULL START ====
System: FCIDUMP_17e_15o | electrons: 17 | orbitals: 15 | num_runs: 1 | max_final_dets: 200
==== [ 2026-04-14 16:10:08 ] RUN_FULL END ====
Summary: single | energy: -44.42791076 | kept_dir: trimci_single_run_results/FCIDUMP_17e_15o_20260414_161006925176_8


==== [ 2026-04-14 16:10:08 ] RUN_FULL START ====
System: FCIDUMP_22e_15o | electrons: 22 | orbitals: 15 | num_runs: 1 | max_final_dets: 200
==== [ 2026-04-14 16:10:10 ] RUN_FULL END ====
Summary: single | energy: -58.50856712 | kept_dir: trimci_single_run_results/FCIDUMP_22e_15o_20260414_161008778406_8


==== [ 2026-04-14 16:10:10 ] RUN_FULL START ====
System: FCIDUMP_31e_16o | electrons: 31 | orbitals: 16 | num_runs: 1 | max_final_dets: 200
==== [ 2026-04-14 16:10:10 ] RUN_FULL END ====
Summary: single | energy: -94.90027798 | kept_dir: trimci_single_run_results/FCIDUMP_31e_16o_20260414_161010691588_8


==== [ 2026-04-14 16:10:10 ] RUN_FULL START ====
System: FCIDUMP_17e_15o | electrons: 17 | orbitals: 15 | num_runs: 1 | max_final_dets: 200
==== [ 2026-04-14 16:10:16 ] RUN_FULL END ====
Summary: single | energy: -44.26921448 | kept_dir: trimci_single_run_results/FCIDUMP_17e_15o_20260414_161010786817_8


==== [ 2026-04-14 16:10:16 ] RUN_FULL START ====
System: FCIDUMP_22e_15o | electrons: 22 | orbitals: 15 | num_runs: 1 | max_final_dets: 200
==== [ 2026-04-14 16:10:18 ] RUN_FULL END ====
Summary: single | energy: -58.70067411 | kept_dir: trimci_single_run_results/FCIDUMP_22e_15o_20260414_161016381849_8


==== [ 2026-04-14 16:10:18 ] RUN_FULL START ====
System: FCIDUMP_31e_16o | electrons: 31 | orbitals: 16 | num_runs: 1 | max_final_dets: 200
==== [ 2026-04-14 16:10:18 ] RUN_FULL END ====
Summary: single | energy: -94.95765991 | kept_dir: trimci_single_run_results/FCIDUMP_31e_16o_20260414_161018285801_8


==== [ 2026-04-14 16:10:18 ] RUN_FULL START ====
System: FCIDUMP_17e_15o | electrons: 17 | orbitals: 15 | num_runs: 1 | max_final_dets: 200
==== [ 2026-04-14 16:10:20 ] RUN_FULL END ====
Summary: single | energy: -44.41808799 | kept_dir: trimci_single_run_results/FCIDUMP_17e_15o_20260414_161018351865_8


==== [ 2026-04-14 16:10:20 ] RUN_FULL START ====
System: FCIDUMP_22e_15o | electrons: 22 | orbitals: 15 | num_runs: 1 | max_final_dets: 200
==== [ 2026-04-14 16:10:22 ] RUN_FULL END ====
Summary: single | energy: -58.28594182 | kept_dir: trimci_single_run_results/FCIDUMP_22e_15o_20260414_161020591235_8


==== [ 2026-04-14 16:10:22 ] RUN_FULL START ====
System: FCIDUMP_31e_16o | electrons: 31 | orbitals: 16 | num_runs: 1 | max_final_dets: 200
==== [ 2026-04-14 16:10:22 ] RUN_FULL END ====
Summary: single | energy: -94.85531014 | kept_dir: trimci_single_run_results/FCIDUMP_31e_16o_20260414_161022531922_8


==== [ 2026-04-14 16:10:22 ] RUN_FULL START ====
System: FCIDUMP_17e_15o | electrons: 17 | orbitals: 15 | num_runs: 1 | max_final_dets: 200
==== [ 2026-04-14 16:10:24 ] RUN_FULL END ====
Summary: single | energy: -44.40604985 | kept_dir: trimci_single_run_results/FCIDUMP_17e_15o_20260414_161022649615_8


==== [ 2026-04-14 16:10:24 ] RUN_FULL START ====
System: FCIDUMP_22e_15o | electrons: 22 | orbitals: 15 | num_runs: 1 | max_final_dets: 200
==== [ 2026-04-14 16:10:26 ] RUN_FULL END ====
Summary: single | energy: -58.16235201 | kept_dir: trimci_single_run_results/FCIDUMP_22e_15o_20260414_161024641353_8


==== [ 2026-04-14 16:10:26 ] RUN_FULL START ====
System: FCIDUMP_31e_16o | electrons: 31 | orbitals: 16 | num_runs: 1 | max_final_dets: 200
==== [ 2026-04-14 16:10:26 ] RUN_FULL END ====
Summary: single | energy: -94.79309418 | kept_dir: trimci_single_run_results/FCIDUMP_31e_16o_20260414_161026593873_8


==== [ 2026-04-14 16:10:26 ] RUN_FULL START ====
System: FCIDUMP_17e_15o | electrons: 17 | orbitals: 15 | num_runs: 1 | max_final_dets: 200
==== [ 2026-04-14 16:10:29 ] RUN_FULL END ====
Summary: single | energy: -44.30185968 | kept_dir: trimci_single_run_results/FCIDUMP_17e_15o_20260414_161026648739_8


==== [ 2026-04-14 16:10:29 ] RUN_FULL START ====
System: FCIDUMP_22e_15o | electrons: 22 | orbitals: 15 | num_runs: 1 | max_final_dets: 200
==== [ 2026-04-14 16:10:32 ] RUN_FULL END ====
Summary: single | energy: -58.30702143 | kept_dir: trimci_single_run_results/FCIDUMP_22e_15o_20260414_161029469808_8


==== [ 2026-04-14 16:10:32 ] RUN_FULL START ====
System: FCIDUMP_31e_16o | electrons: 31 | orbitals: 16 | num_runs: 1 | max_final_dets: 200
==== [ 2026-04-14 16:10:32 ] RUN_FULL END ====
Summary: single | energy: -95.01788682 | kept_dir: trimci_single_run_results/FCIDUMP_31e_16o_20260414_161032343849_8


==== [ 2026-04-14 16:10:32 ] RUN_FULL START ====
System: FCIDUMP_17e_15o | electrons: 17 | orbitals: 15 | num_runs: 1 | max_final_dets: 200
==== [ 2026-04-14 16:10:34 ] RUN_FULL END ====
Summary: single | energy: -44.17947964 | kept_dir: trimci_single_run_results/FCIDUMP_17e_15o_20260414_161032412038_8


==== [ 2026-04-14 16:10:34 ] RUN_FULL START ====
System: FCIDUMP_22e_15o | electrons: 22 | orbitals: 15 | num_runs: 1 | max_final_dets: 200
==== [ 2026-04-14 16:10:36 ] RUN_FULL END ====
Summary: single | energy: -58.23596591 | kept_dir: trimci_single_run_results/FCIDUMP_22e_15o_20260414_161034507656_8


==== [ 2026-04-14 16:10:36 ] RUN_FULL START ====
System: FCIDUMP_31e_16o | electrons: 31 | orbitals: 16 | num_runs: 1 | max_final_dets: 200
==== [ 2026-04-14 16:10:36 ] RUN_FULL END ====
Summary: single | energy: -94.62454409 | kept_dir: trimci_single_run_results/FCIDUMP_31e_16o_20260414_161036434552_8


==== [ 2026-04-14 16:10:36 ] RUN_FULL START ====
System: FCIDUMP_17e_15o | electrons: 17 | orbitals: 15 | num_runs: 1 | max_final_dets: 200
==== [ 2026-04-14 16:10:41 ] RUN_FULL END ====
Summary: single | energy: -44.24073339 | kept_dir: trimci_single_run_results/FCIDUMP_17e_15o_20260414_161036608120_8


==== [ 2026-04-14 16:10:41 ] RUN_FULL START ====
System: FCIDUMP_22e_15o | electrons: 22 | orbitals: 15 | num_runs: 1 | max_final_dets: 200
==== [ 2026-04-14 16:10:43 ] RUN_FULL END ====
Summary: single | energy: -57.98124847 | kept_dir: trimci_single_run_results/FCIDUMP_22e_15o_20260414_161041806719_8


==== [ 2026-04-14 16:10:43 ] RUN_FULL START ====
System: FCIDUMP_31e_16o | electrons: 31 | orbitals: 16 | num_runs: 1 | max_final_dets: 200
==== [ 2026-04-14 16:10:43 ] RUN_FULL END ====
Summary: single | energy: -94.42863542 | kept_dir: trimci_single_run_results/FCIDUMP_31e_16o_20260414_161043710985_8


==== [ 2026-04-14 16:10:43 ] RUN_FULL START ====
System: FCIDUMP_17e_15o | electrons: 17 | orbitals: 15 | num_runs: 1 | max_final_dets: 200
==== [ 2026-04-14 16:10:45 ] RUN_FULL END ====
Summary: single | energy: -44.30118040 | kept_dir: trimci_single_run_results/FCIDUMP_17e_15o_20260414_161043771425_8


==== [ 2026-04-14 16:10:45 ] RUN_FULL START ====
System: FCIDUMP_22e_15o | electrons: 22 | orbitals: 15 | num_runs: 1 | max_final_dets: 200
==== [ 2026-04-14 16:10:47 ] RUN_FULL END ====
Summary: single | energy: -58.15962980 | kept_dir: trimci_single_run_results/FCIDUMP_22e_15o_20260414_161045716173_8


==== [ 2026-04-14 16:10:47 ] RUN_FULL START ====
System: FCIDUMP_31e_16o | electrons: 31 | orbitals: 16 | num_runs: 1 | max_final_dets: 200
==== [ 2026-04-14 16:10:47 ] RUN_FULL END ====
Summary: single | energy: -94.62379393 | kept_dir: trimci_single_run_results/FCIDUMP_31e_16o_20260414_161047788594_8


==== [ 2026-04-14 16:10:47 ] RUN_FULL START ====
System: FCIDUMP_17e_15o | electrons: 17 | orbitals: 15 | num_runs: 1 | max_final_dets: 200
==== [ 2026-04-14 16:10:54 ] RUN_FULL END ====
Summary: single | energy: -44.11413113 | kept_dir: trimci_single_run_results/FCIDUMP_17e_15o_20260414_161047840150_8


==== [ 2026-04-14 16:10:54 ] RUN_FULL START ====
System: FCIDUMP_22e_15o | electrons: 22 | orbitals: 15 | num_runs: 1 | max_final_dets: 200
==== [ 2026-04-14 16:10:55 ] RUN_FULL END ====
Summary: single | energy: -58.38240715 | kept_dir: trimci_single_run_results/FCIDUMP_22e_15o_20260414_161054110338_8


==== [ 2026-04-14 16:10:55 ] RUN_FULL START ====
System: FCIDUMP_31e_16o | electrons: 31 | orbitals: 16 | num_runs: 1 | max_final_dets: 200
==== [ 2026-04-14 16:10:56 ] RUN_FULL END ====
Summary: single | energy: -94.60432327 | kept_dir: trimci_single_run_results/FCIDUMP_31e_16o_20260414_161055996430_8


==== [ 2026-04-14 16:10:56 ] RUN_FULL START ====
System: FCIDUMP_17e_15o | electrons: 17 | orbitals: 15 | num_runs: 1 | max_final_dets: 200
==== [ 2026-04-14 16:10:57 ] RUN_FULL END ====
Summary: single | energy: -44.00365900 | kept_dir: trimci_single_run_results/FCIDUMP_17e_15o_20260414_161056096455_8


==== [ 2026-04-14 16:10:57 ] RUN_FULL START ====
System: FCIDUMP_22e_15o | electrons: 22 | orbitals: 15 | num_runs: 1 | max_final_dets: 200
==== [ 2026-04-14 16:11:01 ] RUN_FULL END ====
Summary: single | energy: -58.60478838 | kept_dir: trimci_single_run_results/FCIDUMP_22e_15o_20260414_161057948220_8


==== [ 2026-04-14 16:11:01 ] RUN_FULL START ====
System: FCIDUMP_31e_16o | electrons: 31 | orbitals: 16 | num_runs: 1 | max_final_dets: 200
==== [ 2026-04-14 16:11:01 ] RUN_FULL END ====
Summary: single | energy: -94.68971550 | kept_dir: trimci_single_run_results/FCIDUMP_31e_16o_20260414_161101737322_8


==== [ 2026-04-14 16:11:01 ] RUN_FULL START ====
System: FCIDUMP_17e_15o | electrons: 17 | orbitals: 15 | num_runs: 1 | max_final_dets: 200
==== [ 2026-04-14 16:11:03 ] RUN_FULL END ====
Summary: single | energy: -43.76016629 | kept_dir: trimci_single_run_results/FCIDUMP_17e_15o_20260414_161101835416_8


==== [ 2026-04-14 16:11:03 ] RUN_FULL START ====
System: FCIDUMP_22e_15o | electrons: 22 | orbitals: 15 | num_runs: 1 | max_final_dets: 200
==== [ 2026-04-14 16:11:05 ] RUN_FULL END ====
Summary: single | energy: -58.81154034 | kept_dir: trimci_single_run_results/FCIDUMP_22e_15o_20260414_161103652972_8


==== [ 2026-04-14 16:11:05 ] RUN_FULL START ====
System: FCIDUMP_31e_16o | electrons: 31 | orbitals: 16 | num_runs: 1 | max_final_dets: 200
==== [ 2026-04-14 16:11:05 ] RUN_FULL END ====
Summary: single | energy: -94.56867272 | kept_dir: trimci_single_run_results/FCIDUMP_31e_16o_20260414_161105760548_8


==== [ 2026-04-14 16:11:05 ] RUN_FULL START ====
System: FCIDUMP_17e_15o | electrons: 17 | orbitals: 15 | num_runs: 1 | max_final_dets: 200
==== [ 2026-04-14 16:11:07 ] RUN_FULL END ====
Summary: single | energy: -43.97282200 | kept_dir: trimci_single_run_results/FCIDUMP_17e_15o_20260414_161105825666_8


==== [ 2026-04-14 16:11:07 ] RUN_FULL START ====
System: FCIDUMP_22e_15o | electrons: 22 | orbitals: 15 | num_runs: 1 | max_final_dets: 200
==== [ 2026-04-14 16:11:09 ] RUN_FULL END ====
Summary: single | energy: -58.92313332 | kept_dir: trimci_single_run_results/FCIDUMP_22e_15o_20260414_161107738169_8


==== [ 2026-04-14 16:11:09 ] RUN_FULL START ====
System: FCIDUMP_31e_16o | electrons: 31 | orbitals: 16 | num_runs: 1 | max_final_dets: 200
==== [ 2026-04-14 16:11:09 ] RUN_FULL END ====
Summary: single | energy: -94.78430150 | kept_dir: trimci_single_run_results/FCIDUMP_31e_16o_20260414_161109755008_8


==== [ 2026-04-14 16:11:09 ] RUN_FULL START ====
System: FCIDUMP_17e_15o | electrons: 17 | orbitals: 15 | num_runs: 1 | max_final_dets: 200
==== [ 2026-04-14 16:11:11 ] RUN_FULL END ====
Summary: single | energy: -44.04253417 | kept_dir: trimci_single_run_results/FCIDUMP_17e_15o_20260414_161109819842_8


==== [ 2026-04-14 16:11:11 ] RUN_FULL START ====
System: FCIDUMP_22e_15o | electrons: 22 | orbitals: 15 | num_runs: 1 | max_final_dets: 200
==== [ 2026-04-14 16:11:13 ] RUN_FULL END ====
Summary: single | energy: -59.02755449 | kept_dir: trimci_single_run_results/FCIDUMP_22e_15o_20260414_161111834566_8


==== [ 2026-04-14 16:11:14 ] RUN_FULL START ====
System: FCIDUMP_31e_16o | electrons: 31 | orbitals: 16 | num_runs: 1 | max_final_dets: 200
==== [ 2026-04-14 16:11:14 ] RUN_FULL END ====
Summary: single | energy: -95.08136963 | kept_dir: trimci_single_run_results/FCIDUMP_31e_16o_20260414_161114002279_8


==== [ 2026-04-14 16:11:14 ] RUN_FULL START ====
System: FCIDUMP_17e_15o | electrons: 17 | orbitals: 15 | num_runs: 1 | max_final_dets: 200
==== [ 2026-04-14 16:11:16 ] RUN_FULL END ====
Summary: single | energy: -43.94866616 | kept_dir: trimci_single_run_results/FCIDUMP_17e_15o_20260414_161114090369_8


==== [ 2026-04-14 16:11:16 ] RUN_FULL START ====
System: FCIDUMP_22e_15o | electrons: 22 | orbitals: 15 | num_runs: 1 | max_final_dets: 200
==== [ 2026-04-14 16:11:17 ] RUN_FULL END ====
Summary: single | energy: -58.77580412 | kept_dir: trimci_single_run_results/FCIDUMP_22e_15o_20260414_161116055378_8


==== [ 2026-04-14 16:11:18 ] RUN_FULL START ====
System: FCIDUMP_31e_16o | electrons: 31 | orbitals: 16 | num_runs: 1 | max_final_dets: 200
==== [ 2026-04-14 16:11:18 ] RUN_FULL END ====
Summary: single | energy: -94.87693018 | kept_dir: trimci_single_run_results/FCIDUMP_31e_16o_20260414_161118004959_8


==== [ 2026-04-14 16:11:18 ] RUN_FULL START ====
System: FCIDUMP_17e_15o | electrons: 17 | orbitals: 15 | num_runs: 1 | max_final_dets: 200
==== [ 2026-04-14 16:11:19 ] RUN_FULL END ====
Summary: single | energy: -43.83027872 | kept_dir: trimci_single_run_results/FCIDUMP_17e_15o_20260414_161118087210_8


==== [ 2026-04-14 16:11:19 ] RUN_FULL START ====
System: FCIDUMP_22e_15o | electrons: 22 | orbitals: 15 | num_runs: 1 | max_final_dets: 200
==== [ 2026-04-14 16:11:21 ] RUN_FULL END ====
Summary: single | energy: -59.03502691 | kept_dir: trimci_single_run_results/FCIDUMP_22e_15o_20260414_161119989880_8


==== [ 2026-04-14 16:11:21 ] RUN_FULL START ====
System: FCIDUMP_31e_16o | electrons: 31 | orbitals: 16 | num_runs: 1 | max_final_dets: 200
==== [ 2026-04-14 16:11:21 ] RUN_FULL END ====
Summary: single | energy: -94.53100719 | kept_dir: trimci_single_run_results/FCIDUMP_31e_16o_20260414_161121918133_8


==== [ 2026-04-14 16:11:21 ] RUN_FULL START ====
System: FCIDUMP_17e_15o | electrons: 17 | orbitals: 15 | num_runs: 1 | max_final_dets: 200
==== [ 2026-04-14 16:11:23 ] RUN_FULL END ====
Summary: single | energy: -43.96850469 | kept_dir: trimci_single_run_results/FCIDUMP_17e_15o_20260414_161121973851_8


==== [ 2026-04-14 16:11:23 ] RUN_FULL START ====
System: FCIDUMP_22e_15o | electrons: 22 | orbitals: 15 | num_runs: 1 | max_final_dets: 200
==== [ 2026-04-14 16:11:29 ] RUN_FULL END ====
Summary: single | energy: -58.69258735 | kept_dir: trimci_single_run_results/FCIDUMP_22e_15o_20260414_161123976855_8


==== [ 2026-04-14 16:11:29 ] RUN_FULL START ====
System: FCIDUMP_31e_16o | electrons: 31 | orbitals: 16 | num_runs: 1 | max_final_dets: 200
==== [ 2026-04-14 16:11:29 ] RUN_FULL END ====
Summary: single | energy: -94.48011090 | kept_dir: trimci_single_run_results/FCIDUMP_31e_16o_20260414_161129399691_8


==== [ 2026-04-14 16:11:29 ] RUN_FULL START ====
System: FCIDUMP_17e_15o | electrons: 17 | orbitals: 15 | num_runs: 1 | max_final_dets: 200
==== [ 2026-04-14 16:11:31 ] RUN_FULL END ====
Summary: single | energy: -44.12122290 | kept_dir: trimci_single_run_results/FCIDUMP_17e_15o_20260414_161129461660_8


==== [ 2026-04-14 16:11:31 ] RUN_FULL START ====
System: FCIDUMP_22e_15o | electrons: 22 | orbitals: 15 | num_runs: 1 | max_final_dets: 200
==== [ 2026-04-14 16:11:33 ] RUN_FULL END ====
Summary: single | energy: -58.76928945 | kept_dir: trimci_single_run_results/FCIDUMP_22e_15o_20260414_161131373210_8


==== [ 2026-04-14 16:11:33 ] RUN_FULL START ====
System: FCIDUMP_31e_16o | electrons: 31 | orbitals: 16 | num_runs: 1 | max_final_dets: 200
==== [ 2026-04-14 16:11:33 ] RUN_FULL END ====
Summary: single | energy: -94.78417560 | kept_dir: trimci_single_run_results/FCIDUMP_31e_16o_20260414_161133359993_8


==== [ 2026-04-14 16:11:33 ] RUN_FULL START ====
System: FCIDUMP_17e_15o | electrons: 17 | orbitals: 15 | num_runs: 1 | max_final_dets: 200
==== [ 2026-04-14 16:11:35 ] RUN_FULL END ====
Summary: single | energy: -44.11093802 | kept_dir: trimci_single_run_results/FCIDUMP_17e_15o_20260414_161133467580_8


==== [ 2026-04-14 16:11:35 ] RUN_FULL START ====
System: FCIDUMP_22e_15o | electrons: 22 | orbitals: 15 | num_runs: 1 | max_final_dets: 200
==== [ 2026-04-14 16:11:37 ] RUN_FULL END ====
Summary: single | energy: -58.89566566 | kept_dir: trimci_single_run_results/FCIDUMP_22e_15o_20260414_161135333083_8


==== [ 2026-04-14 16:11:37 ] RUN_FULL START ====
System: FCIDUMP_31e_16o | electrons: 31 | orbitals: 16 | num_runs: 1 | max_final_dets: 200
==== [ 2026-04-14 16:11:37 ] RUN_FULL END ====
Summary: single | energy: -95.02400232 | kept_dir: trimci_single_run_results/FCIDUMP_31e_16o_20260414_161137158454_8


==== [ 2026-04-14 16:11:37 ] RUN_FULL START ====
System: FCIDUMP_17e_15o | electrons: 17 | orbitals: 15 | num_runs: 1 | max_final_dets: 200
==== [ 2026-04-14 16:11:39 ] RUN_FULL END ====
Summary: single | energy: -43.94402290 | kept_dir: trimci_single_run_results/FCIDUMP_17e_15o_20260414_161137268821_8


==== [ 2026-04-14 16:11:39 ] RUN_FULL START ====
System: FCIDUMP_22e_15o | electrons: 22 | orbitals: 15 | num_runs: 1 | max_final_dets: 200
==== [ 2026-04-14 16:11:40 ] RUN_FULL END ====
Summary: single | energy: -59.00658252 | kept_dir: trimci_single_run_results/FCIDUMP_22e_15o_20260414_161139203093_8


==== [ 2026-04-14 16:11:40 ] RUN_FULL START ====
System: FCIDUMP_31e_16o | electrons: 31 | orbitals: 16 | num_runs: 1 | max_final_dets: 200
==== [ 2026-04-14 16:11:41 ] RUN_FULL END ====
Summary: single | energy: -94.86794682 | kept_dir: trimci_single_run_results/FCIDUMP_31e_16o_20260414_161140989148_8


==== [ 2026-04-14 16:11:41 ] RUN_FULL START ====
System: FCIDUMP_17e_15o | electrons: 17 | orbitals: 15 | num_runs: 1 | max_final_dets: 200
==== [ 2026-04-14 16:11:43 ] RUN_FULL END ====
Summary: single | energy: -43.67016944 | kept_dir: trimci_single_run_results/FCIDUMP_17e_15o_20260414_161141096243_8


==== [ 2026-04-14 16:11:43 ] RUN_FULL START ====
System: FCIDUMP_22e_15o | electrons: 22 | orbitals: 15 | num_runs: 1 | max_final_dets: 200
==== [ 2026-04-14 16:11:45 ] RUN_FULL END ====
Summary: single | energy: -59.29275265 | kept_dir: trimci_single_run_results/FCIDUMP_22e_15o_20260414_161143189109_8


==== [ 2026-04-14 16:11:45 ] RUN_FULL START ====
System: FCIDUMP_31e_16o | electrons: 31 | orbitals: 16 | num_runs: 1 | max_final_dets: 200
==== [ 2026-04-14 16:11:45 ] RUN_FULL END ====
Summary: single | energy: -94.68973643 | kept_dir: trimci_single_run_results/FCIDUMP_31e_16o_20260414_161145105725_8


==== [ 2026-04-14 16:11:45 ] RUN_FULL START ====
System: FCIDUMP_17e_15o | electrons: 17 | orbitals: 15 | num_runs: 1 | max_final_dets: 200
==== [ 2026-04-14 16:11:47 ] RUN_FULL END ====
Summary: single | energy: -43.65868410 | kept_dir: trimci_single_run_results/FCIDUMP_17e_15o_20260414_161145168299_8


==== [ 2026-04-14 16:11:47 ] RUN_FULL START ====
System: FCIDUMP_22e_15o | electrons: 22 | orbitals: 15 | num_runs: 1 | max_final_dets: 200
==== [ 2026-04-14 16:11:49 ] RUN_FULL END ====
Summary: single | energy: -58.93170683 | kept_dir: trimci_single_run_results/FCIDUMP_22e_15o_20260414_161147157889_8


==== [ 2026-04-14 16:11:49 ] RUN_FULL START ====
System: FCIDUMP_31e_16o | electrons: 31 | orbitals: 16 | num_runs: 1 | max_final_dets: 200
==== [ 2026-04-14 16:11:49 ] RUN_FULL END ====
Summary: single | energy: -94.46411205 | kept_dir: trimci_single_run_results/FCIDUMP_31e_16o_20260414_161149280978_8


==== [ 2026-04-14 16:11:49 ] RUN_FULL START ====
System: FCIDUMP_17e_15o | electrons: 17 | orbitals: 15 | num_runs: 1 | max_final_dets: 200
==== [ 2026-04-14 16:11:51 ] RUN_FULL END ====
Summary: single | energy: -43.38882746 | kept_dir: trimci_single_run_results/FCIDUMP_17e_15o_20260414_161149339582_8


==== [ 2026-04-14 16:11:51 ] RUN_FULL START ====
System: FCIDUMP_22e_15o | electrons: 22 | orbitals: 15 | num_runs: 1 | max_final_dets: 200
==== [ 2026-04-14 16:11:53 ] RUN_FULL END ====
Summary: single | energy: -58.84410722 | kept_dir: trimci_single_run_results/FCIDUMP_22e_15o_20260414_161151237241_8


==== [ 2026-04-14 16:11:53 ] RUN_FULL START ====
System: FCIDUMP_31e_16o | electrons: 31 | orbitals: 16 | num_runs: 1 | max_final_dets: 200
==== [ 2026-04-14 16:11:53 ] RUN_FULL END ====
Summary: single | energy: -94.09707436 | kept_dir: trimci_single_run_results/FCIDUMP_31e_16o_20260414_161153356748_8


==== [ 2026-04-14 16:11:53 ] RUN_FULL START ====
System: FCIDUMP_17e_15o | electrons: 17 | orbitals: 15 | num_runs: 1 | max_final_dets: 200
==== [ 2026-04-14 16:11:55 ] RUN_FULL END ====
Summary: single | energy: -43.61555505 | kept_dir: trimci_single_run_results/FCIDUMP_17e_15o_20260414_161153425223_8


==== [ 2026-04-14 16:11:55 ] RUN_FULL START ====
System: FCIDUMP_22e_15o | electrons: 22 | orbitals: 15 | num_runs: 1 | max_final_dets: 200
==== [ 2026-04-14 16:11:57 ] RUN_FULL END ====
Summary: single | energy: -58.50728097 | kept_dir: trimci_single_run_results/FCIDUMP_22e_15o_20260414_161155322365_8


==== [ 2026-04-14 16:11:57 ] RUN_FULL START ====
System: FCIDUMP_31e_16o | electrons: 31 | orbitals: 16 | num_runs: 1 | max_final_dets: 200
==== [ 2026-04-14 16:11:57 ] RUN_FULL END ====
Summary: single | energy: -94.07409912 | kept_dir: trimci_single_run_results/FCIDUMP_31e_16o_20260414_161157155091_8

